::1 - - [24/Jan/2019:07:05:57 +0000] "GET /bookmark/tags?names=mern,DO HTTP/1.1" 404 49 "-" "Mozilla/5.0 (Windows NT 6.3; Win64; x64) AppleWebKit/537.36 (KHTML, like Gecko) Chrome/71.0.3578.98 Safari/537.36"
::1 - - [24/Jan/2019:07:06:07 +0000] "GET /bookmark/tags?names=mern,DOM HTTP/1.1" 404 49 "-" "Mozilla/5.0 (Windows NT 6.3; Win64; x64) AppleWebKit/537.36 (KHTML, like Gecko) Chrome/71.0.3578.98 Safari/537.36"
::1 - - [24/Jan/2019:07:06:40 +0000] "GET /bookmark/tags?names=mern,DOM HTTP/1.1" 404 49 "-" "Mozilla/5.0 (Windows NT 6.3; Win64; x64) AppleWebKit/537.36 (KHTML, like Gecko) Chrome/71.0.3578.98 Safari/537.36"
::1 - - [24/Jan/2019:07:07:03 +0000] "GET /bookmarks/tags?names=mern,DOM HTTP/1.1" 200 7858 "-" "Mozilla/5.0 (Windows NT 6.3; Win64; x64) AppleWebKit/537.36 (KHTML, like Gecko) Chrome/71.0.3578.98 Safari/537.36"
::1 - - [24/Jan/2019:07:07:18 +0000] "GET /bookmarks/tags?names=mern,DOM HTTP/1.1" 304 - "-" "Mozilla/5.0 (Windows NT 6.3; Win64; x64) AppleWebKit/537.36 (KHTML, like Gecko) Chrome/71.0.3578.98 Safari/537.36"
::1 - - [24/Jan/2019:07:07:33 +0000] "GET /bookmarks/tags?names=mern,D HTTP/1.1" 200 2707 "-" "Mozilla/5.0 (Windows NT 6.3; Win64; x64) AppleWebKit/537.36 (KHTML, like Gecko) Chrome/71.0.3578.98 Safari/537.36"
::1 - - [24/Jan/2019:07:07:42 +0000] "GET /bookmarks/tags?names=mern,DOM HTTP/1.1" 304 - "-" "Mozilla/5.0 (Windows NT 6.3; Win64; x64) AppleWebKit/537.36 (KHTML, like Gecko) Chrome/71.0.3578.98 Safari/537.36"
::1 - - [24/Jan/2019:07:56:06 +0000] "GET /bookmarks/tags/javascript HTTP/1.1" 404 49 "-" "Mozilla/5.0 (Windows NT 6.3; Win64; x64) AppleWebKit/537.36 (KHTML, like Gecko) Chrome/71.0.3578.98 Safari/537.36"
::1 - - [24/Jan/2019:07:56:32 +0000] "GET /bookmarks/tags/javascript HTTP/1.1" 200 5557 "-" "Mozilla/5.0 (Windows NT 6.3; Win64; x64) AppleWebKit/537.36 (KHTML, like Gecko) Chrome/71.0.3578.98 Safari/537.36"
::1 - - [24/Jan/2019:09:31:37 +0000] "GET /favicon.ico HTTP/1.1" 200 2 "http://localhost:3001/bookmarks/tags/javascript" "Mozilla/5.0 (Windows NT 6.3; Win64; x64) AppleWebKit/537.36 (KHTML, like Gecko) Chrome/71.0.3578.98 Safari/537.36"
::1 - - [24/Jan/2019:09:31:52 +0000] "GET /favicon.ico HTTP/1.1" 304 - "http://localhost:3001/bookmark/" "Mozilla/5.0 (Windows NT 6.3; Win64; x64) AppleWebKit/537.36 (KHTML, like Gecko) Chrome/71.0.3578.98 Safari/537.36"
::1 - - [24/Jan/2019:09:50:52 +0000] "GET /bookmarks/tags?names=mern,D HTTP/1.1" 200 2707 "-" "Mozilla/5.0 (Windows NT 6.3; Win64; x64) AppleWebKit/537.36 (KHTML, like Gecko) Chrome/71.0.3578.98 Safari/537.36"
::1 - - [24/Jan/2019:09:50:54 +0000] "GET /favicon.ico HTTP/1.1" 304 - "http://localhost:3001/bookmarks/tags?names=mern,D" "Mozilla/5.0 (Windows NT 6.3; Win64; x64) AppleWebKit/537.36 (KHTML, like Gecko) Chrome/71.0.3578.98 Safari/537.36"
::1 - - [24/Jan/2019:09:51:09 +0000] "GET /bookmarks/tags?names=mern HTTP/1.1" 200 2707 "-" "Mozilla/5.0 (Windows NT 6.3; Win64; x64) AppleWebKit/537.36 (KHTML, like Gecko) Chrome/71.0.3578.98 Safari/537.36"
::1 - - [24/Jan/2019:09:51:12 +0000] "GET /favicon.ico HTTP/1.1" 304 - "http://localhost:3001/bookmarks/tags?names=mern" "Mozilla/5.0 (Windows NT 6.3; Win64; x64) AppleWebKit/537.36 (KHTML, like Gecko) Chrome/71.0.3578.98 Safari/537.36"
::1 - - [24/Jan/2019:11:19:12 +0000] "GET /bookmarks/tags?names=mern HTTP/1.1" 200 2707 "-" "Mozilla/5.0 (Windows NT 6.3; Win64; x64) AppleWebKit/537.36 (KHTML, like Gecko) Chrome/71.0.3578.98 Safari/537.36"
::1 - - [24/Jan/2019:11:19:15 +0000] "GET /favicon.ico HTTP/1.1" 200 2 "http://localhost:3001/bookmarks/tags?names=mern" "Mozilla/5.0 (Windows NT 6.3; Win64; x64) AppleWebKit/537.36 (KHTML, like Gecko) Chrome/71.0.3578.98 Safari/537.36"
::1 - - [24/Jan/2019:11:26:12 +0000] "GET /bookmarks/tags?names=mern HTTP/1.1" 304 - "-" "Mozilla/5.0 (Windows NT 6.3; Win64; x64) AppleWebKit/537.36 (KHTML, like Gecko) Chrome/71.0.3578.98 Safari/537.36"
::1 - - [24/Jan/2019:11:26:13 +0000] "GET /favicon.ico HTTP/1.1" 200 2 "http://localhost:3001/bookmarks/tags?names=mern" "Mozilla/5.0 (Windows NT 6.3; Win64; x64) AppleWebKit/537.36 (KHTML, like Gecko) Chrome/71.0.3578.98 Safari/537.36"
::1 - - [24/Jan/2019:11:26:42 +0000] "GET /bookmarks/tags?names=mern,javascript,node HTTP/1.1" 200 5557 "-" "Mozilla/5.0 (Windows NT 6.3; Win64; x64) AppleWebKit/537.36 (KHTML, like Gecko) Chrome/71.0.3578.98 Safari/537.36"
::1 - - [24/Jan/2019:11:26:44 +0000] "GET /favicon.ico HTTP/1.1" 304 - "http://localhost:3001/bookmarks/tags?names=mern,javascript,node" "Mozilla/5.0 (Windows NT 6.3; Win64; x64) AppleWebKit/537.36 (KHTML, like Gecko) Chrome/71.0.3578.98 Safari/537.36"
::1 - - [24/Jan/2019:11:27:22 +0000] "GET /bookmarks/tags?names=mern,javascript HTTP/1.1" 200 5557 "-" "Mozilla/5.0 (Windows NT 6.3; Win64; x64) AppleWebKit/537.36 (KHTML, like Gecko) Chrome/71.0.3578.98 Safari/537.36"
::1 - - [24/Jan/2019:11:27:24 +0000] "GET /favicon.ico HTTP/1.1" 304 - "http://localhost:3001/bookmarks/tags?names=mern,javascript" "Mozilla/5.0 (Windows NT 6.3; Win64; x64) AppleWebKit/537.36 (KHTML, like Gecko) Chrome/71.0.3578.98 Safari/537.36"
::1 - - [24/Jan/2019:11:28:25 +0000] "GET /bookmarks/tags?names=mern,javascript HTTP/1.1" 304 - "-" "Mozilla/5.0 (Windows NT 6.3; Win64; x64) AppleWebKit/537.36 (KHTML, like Gecko) Chrome/71.0.3578.98 Safari/537.36"
::1 - - [24/Jan/2019:11:28:27 +0000] "GET /favicon.ico HTTP/1.1" 304 - "http://localhost:3001/bookmarks/tags?names=mern,javascript" "Mozilla/5.0 (Windows NT 6.3; Win64; x64) AppleWebKit/537.36 (KHTML, like Gecko) Chrome/71.0.3578.98 Safari/537.36"
::1 - - [24/Jan/2019:11:28:45 +0000] "GET /bookmarks/tags/tags?names=mern,javascript HTTP/1.1" 200 2707 "-" "Mozilla/5.0 (Windows NT 6.3; Win64; x64) AppleWebKit/537.36 (KHTML, like Gecko) Chrome/71.0.3578.98 Safari/537.36"
::1 - - [24/Jan/2019:11:28:46 +0000] "GET /favicon.ico HTTP/1.1" 304 - "http://localhost:3001/bookmarks/tags/tags?names=mern,javascript" "Mozilla/5.0 (Windows NT 6.3; Win64; x64) AppleWebKit/537.36 (KHTML, like Gecko) Chrome/71.0.3578.98 Safari/537.36"
::1 - - [24/Jan/2019:11:28:58 +0000] "GET /bookmarks/tags/tags?names=DOM HTTP/1.1" 200 5152 "-" "Mozilla/5.0 (Windows NT 6.3; Win64; x64) AppleWebKit/537.36 (KHTML, like Gecko) Chrome/71.0.3578.98 Safari/537.36"
::1 - - [24/Jan/2019:11:28:59 +0000] "GET /favicon.ico HTTP/1.1" 304 - "http://localhost:3001/bookmarks/tags/tags?names=DOM" "Mozilla/5.0 (Windows NT 6.3; Win64; x64) AppleWebKit/537.36 (KHTML, like Gecko) Chrome/71.0.3578.98 Safari/537.36"
::1 - - [24/Jan/2019:11:29:16 +0000] "GET /bookmarks/tags/tags?names=full-stack HTTP/1.1" 200 2 "-" "Mozilla/5.0 (Windows NT 6.3; Win64; x64) AppleWebKit/537.36 (KHTML, like Gecko) Chrome/71.0.3578.98 Safari/537.36"
::1 - - [24/Jan/2019:11:29:17 +0000] "GET /favicon.ico HTTP/1.1" 304 - "http://localhost:3001/bookmarks/tags/tags?names=full-stack" "Mozilla/5.0 (Windows NT 6.3; Win64; x64) AppleWebKit/537.36 (KHTML, like Gecko) Chrome/71.0.3578.98 Safari/537.36"
::1 - - [24/Jan/2019:11:29:28 +0000] "GET /bookmarks/tags/tags?names=dom HTTP/1.1" 200 2 "-" "Mozilla/5.0 (Windows NT 6.3; Win64; x64) AppleWebKit/537.36 (KHTML, like Gecko) Chrome/71.0.3578.98 Safari/537.36"
::1 - - [24/Jan/2019:11:29:28 +0000] "GET /favicon.ico HTTP/1.1" 304 - "http://localhost:3001/bookmarks/tags/tags?names=dom" "Mozilla/5.0 (Windows NT 6.3; Win64; x64) AppleWebKit/537.36 (KHTML, like Gecko) Chrome/71.0.3578.98 Safari/537.36"
::1 - - [25/Jan/2019:04:10:57 +0000] "GET /bookmark/ HTTP/1.1" 404 49 "-" "Mozilla/5.0 (Windows NT 6.3; Win64; x64) AppleWebKit/537.36 (KHTML, like Gecko) Chrome/71.0.3578.98 Safari/537.36"
::1 - - [25/Jan/2019:04:11:00 +0000] "GET /favicon.ico HTTP/1.1" 404 49 "http://localhost:3001/bookmark/" "Mozilla/5.0 (Windows NT 6.3; Win64; x64) AppleWebKit/537.36 (KHTML, like Gecko) Chrome/71.0.3578.98 Safari/537.36"
::1 - - [25/Jan/2019:04:11:14 +0000] "GET /bookmarks/ HTTP/1.1" 200 2 "-" "Mozilla/5.0 (Windows NT 6.3; Win64; x64) AppleWebKit/537.36 (KHTML, like Gecko) Chrome/71.0.3578.98 Safari/537.36"
::1 - - [25/Jan/2019:04:15:35 +0000] "GET /bookmarks/ HTTP/1.1" 304 - "-" "Mozilla/5.0 (Windows NT 6.3; Win64; x64) AppleWebKit/537.36 (KHTML, like Gecko) Chrome/71.0.3578.98 Safari/537.36"
::1 - - [25/Jan/2019:04:15:45 +0000] "GET /bookmarks/ HTTP/1.1" 304 - "-" "Mozilla/5.0 (Windows NT 6.3; Win64; x64) AppleWebKit/537.36 (KHTML, like Gecko) Chrome/71.0.3578.98 Safari/537.36"
::1 - - [25/Jan/2019:04:16:09 +0000] "GET / HTTP/1.1" 200 23 "-" "Mozilla/5.0 (Windows NT 6.3; Win64; x64) AppleWebKit/537.36 (KHTML, like Gecko) Chrome/71.0.3578.98 Safari/537.36"
::1 - - [25/Jan/2019:04:16:19 +0000] "GET /bookmark/ HTTP/1.1" 200 2 "-" "Mozilla/5.0 (Windows NT 6.3; Win64; x64) AppleWebKit/537.36 (KHTML, like Gecko) Chrome/71.0.3578.98 Safari/537.36"
::1 - - [25/Jan/2019:04:22:59 +0000] "GET /bookmarks/ HTTP/1.1" 304 - "-" "Mozilla/5.0 (Windows NT 6.3; Win64; x64) AppleWebKit/537.36 (KHTML, like Gecko) Chrome/71.0.3578.98 Safari/537.36"
::1 - - [26/Jan/2019:12:44:08 +0000] "GET /bookmarks/ HTTP/1.1" 200 2 "-" "Mozilla/5.0 (Windows NT 6.3; Win64; x64) AppleWebKit/537.36 (KHTML, like Gecko) Chrome/71.0.3578.98 Safari/537.36"
::1 - - [26/Jan/2019:12:44:12 +0000] "GET /favicon.ico HTTP/1.1" 200 2 "http://localhost:3001/bookmarks/" "Mozilla/5.0 (Windows NT 6.3; Win64; x64) AppleWebKit/537.36 (KHTML, like Gecko) Chrome/71.0.3578.98 Safari/537.36"
::1 - - [26/Jan/2019:12:50:42 +0000] "GET /bookmark/ HTTP/1.1" 200 2 "-" "Mozilla/5.0 (Windows NT 6.3; Win64; x64) AppleWebKit/537.36 (KHTML, like Gecko) Chrome/71.0.3578.98 Safari/537.36"
::1 - - [26/Jan/2019:12:50:45 +0000] "GET /favicon.ico HTTP/1.1" 304 - "http://localhost:3001/bookmark/" "Mozilla/5.0 (Windows NT 6.3; Win64; x64) AppleWebKit/537.36 (KHTML, like Gecko) Chrome/71.0.3578.98 Safari/537.36"
::1 - - [26/Jan/2019:12:50:51 +0000] "GET / HTTP/1.1" 200 23 "-" "Mozilla/5.0 (Windows NT 6.3; Win64; x64) AppleWebKit/537.36 (KHTML, like Gecko) Chrome/71.0.3578.98 Safari/537.36"
::1 - - [26/Jan/2019:12:50:52 +0000] "GET /favicon.ico HTTP/1.1" 304 - "http://localhost:3001/" "Mozilla/5.0 (Windows NT 6.3; Win64; x64) AppleWebKit/537.36 (KHTML, like Gecko) Chrome/71.0.3578.98 Safari/537.36"
::1 - - [26/Jan/2019:12:51:04 +0000] "GET /bookmarks/ HTTP/1.1" 304 - "-" "Mozilla/5.0 (Windows NT 6.3; Win64; x64) AppleWebKit/537.36 (KHTML, like Gecko) Chrome/71.0.3578.98 Safari/537.36"
::1 - - [26/Jan/2019:12:51:06 +0000] "GET /favicon.ico HTTP/1.1" 304 - "http://localhost:3001/bookmarks/" "Mozilla/5.0 (Windows NT 6.3; Win64; x64) AppleWebKit/537.36 (KHTML, like Gecko) Chrome/71.0.3578.98 Safari/537.36"
::1 - - [26/Jan/2019:12:55:06 +0000] "GET /bookmarks/ HTTP/1.1" 304 - "-" "Mozilla/5.0 (Windows NT 6.3; Win64; x64) AppleWebKit/537.36 (KHTML, like Gecko) Chrome/71.0.3578.98 Safari/537.36"
::1 - - [26/Jan/2019:12:55:09 +0000] "GET /favicon.ico HTTP/1.1" 200 2 "http://localhost:3001/bookmarks/" "Mozilla/5.0 (Windows NT 6.3; Win64; x64) AppleWebKit/537.36 (KHTML, like Gecko) Chrome/71.0.3578.98 Safari/537.36"
::1 - - [26/Jan/2019:12:58:16 +0000] "GET /bookmarks HTTP/1.1" 200 2 "-" "PostmanRuntime/7.6.0"
::1 - - [26/Jan/2019:13:03:03 +0000] "POST /bookmarks HTTP/1.1" 200 373 "-" "PostmanRuntime/7.6.0"
::1 - - [26/Jan/2019:13:03:36 +0000] "POST /bookmarks HTTP/1.1" 200 198 "-" "PostmanRuntime/7.6.0"
::1 - - [26/Jan/2019:13:04:14 +0000] "GET /bookmarks HTTP/1.1" 200 2 "-" "PostmanRuntime/7.6.0"
::1 - - [26/Jan/2019:13:05:38 +0000] "GET /1saE7S HTTP/1.1" 302 80 "-" "Mozilla/5.0 (Windows NT 6.3; Win64; x64) AppleWebKit/537.36 (KHTML, like Gecko) Chrome/71.0.3578.98 Safari/537.36"
::1 - - [26/Jan/2019:13:05:50 +0000] "GET /bookmarks/ HTTP/1.1" 200 2 "-" "Mozilla/5.0 (Windows NT 6.3; Win64; x64) AppleWebKit/537.36 (KHTML, like Gecko) Chrome/71.0.3578.98 Safari/537.36"
::1 - - [26/Jan/2019:13:05:53 +0000] "GET /favicon.ico HTTP/1.1" 200 2 "http://localhost:3001/bookmarks/" "Mozilla/5.0 (Windows NT 6.3; Win64; x64) AppleWebKit/537.36 (KHTML, like Gecko) Chrome/71.0.3578.98 Safari/537.36"
::1 - - [26/Jan/2019:13:07:36 +0000] "GET /bookmarks/bookmarks HTTP/1.1" 200 8211 "-" "Mozilla/5.0 (Windows NT 6.3; Win64; x64) AppleWebKit/537.36 (KHTML, like Gecko) Chrome/71.0.3578.98 Safari/537.36"
::1 - - [26/Jan/2019:13:07:38 +0000] "GET /favicon.ico HTTP/1.1" 304 - "http://localhost:3001/bookmarks/bookmarks" "Mozilla/5.0 (Windows NT 6.3; Win64; x64) AppleWebKit/537.36 (KHTML, like Gecko) Chrome/71.0.3578.98 Safari/537.36"
::1 - - [26/Jan/2019:13:08:57 +0000] "GET /bookmarks/ HTTP/1.1" 200 8211 "-" "Mozilla/5.0 (Windows NT 6.3; Win64; x64) AppleWebKit/537.36 (KHTML, like Gecko) Chrome/71.0.3578.98 Safari/537.36"
::1 - - [26/Jan/2019:13:09:00 +0000] "GET /favicon.ico HTTP/1.1" 304 - "http://localhost:3001/bookmarks/" "Mozilla/5.0 (Windows NT 6.3; Win64; x64) AppleWebKit/537.36 (KHTML, like Gecko) Chrome/71.0.3578.98 Safari/537.36"
::1 - - [27/Jan/2019:10:19:13 +0000] "GET /bookmarks/ HTTP/1.1" 200 8211 "-" "Mozilla/5.0 (Windows NT 6.3; Win64; x64) AppleWebKit/537.36 (KHTML, like Gecko) Chrome/71.0.3578.98 Safari/537.36"
::1 - - [27/Jan/2019:10:19:16 +0000] "GET /favicon.ico HTTP/1.1" 200 2 "http://localhost:3001/bookmarks/" "Mozilla/5.0 (Windows NT 6.3; Win64; x64) AppleWebKit/537.36 (KHTML, like Gecko) Chrome/71.0.3578.98 Safari/537.36"
::1 - - [27/Jan/2019:11:04:00 +0000] "POST /users/register HTTP/1.1" 200 151 "-" "PostmanRuntime/7.6.0"
::1 - - [27/Jan/2019:11:19:46 +0000] "POST /users/register HTTP/1.1" 200 205 "-" "PostmanRuntime/7.6.0"
::1 - - [27/Jan/2019:12:00:44 +0000] "POST /users/login HTTP/1.1" 500 2522 "-" "PostmanRuntime/7.6.0"
::1 - - [27/Jan/2019:12:02:05 +0000] "POST /users/login HTTP/1.1" 500 2547 "-" "PostmanRuntime/7.6.0"
::1 - - [27/Jan/2019:12:03:24 +0000] "POST /users/login HTTP/1.1" 500 2548 "-" "PostmanRuntime/7.6.0"
::1 - - [27/Jan/2019:12:08:50 +0000] "POST /users/login HTTP/1.1" 500 2548 "-" "PostmanRuntime/7.6.0"
::1 - - [27/Jan/2019:12:11:08 +0000] "POST /users/login HTTP/1.1" 500 2523 "-" "PostmanRuntime/7.6.0"
::1 - - [27/Jan/2019:12:16:58 +0000] "POST /users/login HTTP/1.1" - - "-" "PostmanRuntime/7.6.0"
::1 - - [27/Jan/2019:12:18:45 +0000] "POST /users/login HTTP/1.1" 200 25 "-" "PostmanRuntime/7.6.0"
::1 - - [27/Jan/2019:12:18:57 +0000] "POST /users/login HTTP/1.1" 200 25 "-" "PostmanRuntime/7.6.0"
::1 - - [27/Jan/2019:12:19:09 +0000] "POST /users/login HTTP/1.1" 200 26 "-" "PostmanRuntime/7.6.0"
::1 - - [27/Jan/2019:12:20:29 +0000] "POST /users/login HTTP/1.1" 200 20 "-" "PostmanRuntime/7.6.0"
::1 - - [27/Jan/2019:13:19:41 +0000] "POST /users/login HTTP/1.1" 200 2 "-" "PostmanRuntime/7.6.0"
::1 - - [27/Jan/2019:13:20:28 +0000] "POST /users/login HTTP/1.1" 200 2 "-" "PostmanRuntime/7.6.0"
::1 - - [27/Jan/2019:13:22:17 +0000] "POST /users/login HTTP/1.1" 200 2 "-" "PostmanRuntime/7.6.0"
::1 - - [27/Jan/2019:13:23:12 +0000] "POST /users/register HTTP/1.1" 200 207 "-" "PostmanRuntime/7.6.0"
::1 - - [27/Jan/2019:13:28:25 +0000] "POST /users/login HTTP/1.1" 200 2 "-" "PostmanRuntime/7.6.0"
::1 - - [27/Jan/2019:13:30:45 +0000] "POST /users/login HTTP/1.1" 200 2 "-" "PostmanRuntime/7.6.0"
::1 - - [27/Jan/2019:13:31:09 +0000] "POST /users/login HTTP/1.1" 200 153 "-" "PostmanRuntime/7.6.0"
::1 - - [27/Jan/2019:13:32:43 +0000] "POST /users/login HTTP/1.1" 200 153 "-" "PostmanRuntime/7.6.0"
::1 - - [27/Jan/2019:13:33:41 +0000] "POST /users/login HTTP/1.1" 200 26 "-" "PostmanRuntime/7.6.0"
::1 - - [27/Jan/2019:13:33:49 +0000] "POST /users/login HTTP/1.1" 200 26 "-" "PostmanRuntime/7.6.0"
::1 - - [27/Jan/2019:13:36:06 +0000] "GET /bookmarks/ HTTP/1.1" 304 - "-" "Mozilla/5.0 (Windows NT 6.3; Win64; x64) AppleWebKit/537.36 (KHTML, like Gecko) Chrome/71.0.3578.98 Safari/537.36"
::1 - - [27/Jan/2019:13:36:10 +0000] "GET /favicon.ico HTTP/1.1" 304 - "http://localhost:3001/bookmarks/" "Mozilla/5.0 (Windows NT 6.3; Win64; x64) AppleWebKit/537.36 (KHTML, like Gecko) Chrome/71.0.3578.98 Safari/537.36"
::1 - - [27/Jan/2019:13:36:11 +0000] "GET /favicon.ico HTTP/1.1" 200 2 "http://localhost:3001/bookmarks/" "Mozilla/5.0 (Windows NT 6.3; Win64; x64) AppleWebKit/537.36 (KHTML, like Gecko) Chrome/71.0.3578.98 Safari/537.36"
::1 - - [27/Jan/2019:13:39:23 +0000] "GET /1XMOEu HTTP/1.1" 302 82 "-" "Mozilla/5.0 (Windows NT 6.3; Win64; x64) AppleWebKit/537.36 (KHTML, like Gecko) Chrome/71.0.3578.98 Safari/537.36"
::1 - - [27/Jan/2019:14:05:42 +0000] "POST /users/login HTTP/1.1" 200 26 "-" "PostmanRuntime/7.6.0"
::1 - - [27/Jan/2019:14:05:55 +0000] "POST /users/login HTTP/1.1" 200 26 "-" "PostmanRuntime/7.6.0"
::1 - - [27/Jan/2019:14:14:58 +0000] "POST /users/login HTTP/1.1" 200 26 "-" "PostmanRuntime/7.6.0"
::1 - - [27/Jan/2019:14:16:59 +0000] "POST /users/login HTTP/1.1" 200 26 "-" "PostmanRuntime/7.6.0"
::1 - - [27/Jan/2019:14:17:12 +0000] "POST /users/login HTTP/1.1" 200 26 "-" "PostmanRuntime/7.6.0"
::1 - - [27/Jan/2019:14:17:58 +0000] "POST /users/login HTTP/1.1" 200 26 "-" "PostmanRuntime/7.6.0"
::1 - - [27/Jan/2019:14:20:12 +0000] "POST /users/login HTTP/1.1" 200 26 "-" "PostmanRuntime/7.6.0"
::1 - - [27/Jan/2019:14:23:55 +0000] "POST /users/login HTTP/1.1" 200 26 "-" "PostmanRuntime/7.6.0"
::1 - - [27/Jan/2019:14:26:54 +0000] "POST /users/login HTTP/1.1" 200 26 "-" "PostmanRuntime/7.6.0"
::1 - - [27/Jan/2019:14:29:00 +0000] "POST /users/login HTTP/1.1" 200 26 "-" "PostmanRuntime/7.6.0"
::1 - - [27/Jan/2019:14:34:06 +0000] "POST /users/register HTTP/1.1" 200 206 "-" "PostmanRuntime/7.6.0"
::1 - - [27/Jan/2019:14:34:36 +0000] "POST /users/login HTTP/1.1" 200 20 "-" "PostmanRuntime/7.6.0"
::1 - - [27/Jan/2019:14:36:03 +0000] "POST /users/login HTTP/1.1" 200 - "-" "PostmanRuntime/7.6.0"
::1 - - [27/Jan/2019:14:36:14 +0000] "POST /users/login HTTP/1.1" 200 26 "-" "PostmanRuntime/7.6.0"
::1 - - [27/Jan/2019:14:37:08 +0000] "POST /users/login HTTP/1.1" 200 26 "-" "PostmanRuntime/7.6.0"
::1 - - [27/Jan/2019:14:38:14 +0000] "POST /users/register HTTP/1.1" 200 206 "-" "PostmanRuntime/7.6.0"
::1 - - [27/Jan/2019:14:38:26 +0000] "POST /users/login HTTP/1.1" 200 - "-" "PostmanRuntime/7.6.0"
::1 - - [27/Jan/2019:14:42:19 +0000] "POST /users/register HTTP/1.1" 200 205 "-" "PostmanRuntime/7.6.0"
::1 - - [27/Jan/2019:14:42:39 +0000] "POST /users/login HTTP/1.1" 200 2 "-" "PostmanRuntime/7.6.0"
::1 - - [27/Jan/2019:14:43:22 +0000] "POST /users/login HTTP/1.1" 200 2 "-" "PostmanRuntime/7.6.0"
::ffff:127.0.0.1 - - [27/Jan/2019:14:44:10 +0000] "POST /users/login HTTP/1.1" 200 - "-" "PostmanRuntime/7.6.0"
::1 - - [28/Jan/2019:07:22:08 +0000] "GET /bookmarks/ HTTP/1.1" 200 8369 "-" "Mozilla/5.0 (Windows NT 6.3; Win64; x64) AppleWebKit/537.36 (KHTML, like Gecko) Chrome/71.0.3578.98 Safari/537.36"
::1 - - [28/Jan/2019:07:22:12 +0000] "GET /favicon.ico HTTP/1.1" 200 2 "http://localhost:3001/bookmarks/" "Mozilla/5.0 (Windows NT 6.3; Win64; x64) AppleWebKit/537.36 (KHTML, like Gecko) Chrome/71.0.3578.98 Safari/537.36"
::1 - - [28/Jan/2019:07:25:04 +0000] "GET /bookmarks HTTP/1.1" 200 8369 "-" "PostmanRuntime/7.6.0"
::1 - - [28/Jan/2019:07:29:23 +0000] "POST /users/register HTTP/1.1" 200 205 "-" "PostmanRuntime/7.6.0"
::1 - - [28/Jan/2019:07:31:12 +0000] "POST /users/login HTTP/1.1" 200 26 "-" "PostmanRuntime/7.6.0"
::1 - - [28/Jan/2019:07:31:24 +0000] "POST /users/login HTTP/1.1" 200 - "-" "PostmanRuntime/7.6.0"
::1 - - [28/Jan/2019:07:32:00 +0000] "POST /users/login HTTP/1.1" 200 - "-" "PostmanRuntime/7.6.0"
::1 - - [28/Jan/2019:07:33:20 +0000] "POST /users/register HTTP/1.1" 200 205 "-" "PostmanRuntime/7.6.0"
::1 - - [28/Jan/2019:07:33:43 +0000] "POST /users/login HTTP/1.1" 200 - "-" "PostmanRuntime/7.6.0"
::1 - - [28/Jan/2019:07:33:48 +0000] "POST /users/login HTTP/1.1" 200 - "-" "PostmanRuntime/7.6.0"
::1 - - [28/Jan/2019:07:37:21 +0000] "POST /users/login HTTP/1.1" 200 - "-" "PostmanRuntime/7.6.0"
::1 - - [28/Jan/2019:08:09:12 +0000] "GET /bookmarks HTTP/1.1" 200 61 "-" "PostmanRuntime/7.6.0"
::1 - - [28/Jan/2019:08:11:46 +0000] "GET /bookmarks HTTP/1.1" 200 61 "-" "PostmanRuntime/7.6.0"
::1 - - [28/Jan/2019:08:12:35 +0000] "GET /bookmarks HTTP/1.1" 200 61 "-" "PostmanRuntime/7.6.0"
::1 - - [28/Jan/2019:08:13:19 +0000] "GET /bookmarks HTTP/1.1" 200 8369 "-" "PostmanRuntime/7.6.0"
::1 - - [28/Jan/2019:08:13:57 +0000] "GET /bookmarks HTTP/1.1" 200 54 "-" "PostmanRuntime/7.6.0"
::1 - - [28/Jan/2019:08:15:55 +0000] "GET /bookmarks HTTP/1.1" 200 8369 "-" "PostmanRuntime/7.6.0"
::1 - - [28/Jan/2019:08:17:53 +0000] "GET /bookmarks HTTP/1.1" 500 2553 "-" "PostmanRuntime/7.6.0"
::ffff:127.0.0.1 - - [28/Jan/2019:08:18:35 +0000] "GET /bookmarks HTTP/1.1" 500 2530 "-" "PostmanRuntime/7.6.0"
::ffff:127.0.0.1 - - [28/Jan/2019:08:19:00 +0000] "GET /bookmarks HTTP/1.1" 500 2530 "-" "PostmanRuntime/7.6.0"
::1 - - [28/Jan/2019:08:21:15 +0000] "GET /bookmarks HTTP/1.1" 200 8369 "-" "PostmanRuntime/7.6.0"
::1 - - [28/Jan/2019:08:21:59 +0000] "GET /bookmarks HTTP/1.1" 200 8369 "-" "PostmanRuntime/7.6.0"
::1 - - [28/Jan/2019:08:38:28 +0000] "GET /bookmarks HTTP/1.1" 200 8369 "-" "PostmanRuntime/7.6.0"
::1 - - [28/Jan/2019:08:42:30 +0000] "GET /bookmarks/tags?names=mern,DOM HTTP/1.1" 200 61 "-" "Mozilla/5.0 (Windows NT 6.3; Win64; x64) AppleWebKit/537.36 (KHTML, like Gecko) Chrome/71.0.3578.98 Safari/537.36"
::1 - - [28/Jan/2019:08:42:32 +0000] "GET /favicon.ico HTTP/1.1" 304 - "http://localhost:3001/bookmarks/tags?names=mern,DOM" "Mozilla/5.0 (Windows NT 6.3; Win64; x64) AppleWebKit/537.36 (KHTML, like Gecko) Chrome/71.0.3578.98 Safari/537.36"
::1 - - [28/Jan/2019:08:54:23 +0000] "GET /bookmarks/ HTTP/1.1" 200 8369 "-" "PostmanRuntime/7.6.0"
::1 - - [28/Jan/2019:08:54:55 +0000] "GET /bookmarks/tags?names=mern,DOM HTTP/1.1" 500 869 "-" "PostmanRuntime/7.6.0"
::1 - - [28/Jan/2019:08:56:30 +0000] "GET /bookmarks/tags?names=mern,DOM HTTP/1.1" 500 869 "-" "PostmanRuntime/7.6.0"
::1 - - [28/Jan/2019:08:57:09 +0000] "GET /bookmarks/tags?names=mern,DOM HTTP/1.1" 500 868 "-" "PostmanRuntime/7.6.0"
::1 - - [28/Jan/2019:08:57:54 +0000] "GET /bookmarks/tags?names=mern,DOM HTTP/1.1" 500 869 "-" "PostmanRuntime/7.6.0"
::1 - - [28/Jan/2019:08:58:53 +0000] "GET /bookmarks/tags?names=mern,DOM HTTP/1.1" 500 869 "-" "PostmanRuntime/7.6.0"
::1 - - [28/Jan/2019:09:00:16 +0000] "GET /bookmarks/tags?names=mern,DOM HTTP/1.1" 500 869 "-" "PostmanRuntime/7.6.0"
::1 - - [28/Jan/2019:09:02:40 +0000] "GET /bookmarks/tags?names=mern,DOM HTTP/1.1" 200 8016 "-" "PostmanRuntime/7.6.0"
::1 - - [28/Jan/2019:09:04:57 +0000] "GET /bookmarks/tags?names=mern,DOM HTTP/1.1" 200 141 "-" "PostmanRuntime/7.6.0"
::1 - - [28/Jan/2019:09:05:51 +0000] "GET /bookmarks/tags?names=mern,DOM HTTP/1.1" 200 8016 "-" "PostmanRuntime/7.6.0"
::1 - - [28/Jan/2019:09:06:21 +0000] "GET /bookmarks/tags?names=mern HTTP/1.1" 200 2865 "-" "PostmanRuntime/7.6.0"
::1 - - [28/Jan/2019:09:07:19 +0000] "GET /bookmarks/tags?names=mern HTTP/1.1" 200 36 "-" "PostmanRuntime/7.6.0"
::1 - - [28/Jan/2019:09:07:55 +0000] "GET /bookmarks/tags?names=mern HTTP/1.1" 200 2865 "-" "PostmanRuntime/7.6.0"
::1 - - [28/Jan/2019:09:10:23 +0000] "GET /bookmarks/tags?names=mern HTTP/1.1" 200 36 "-" "PostmanRuntime/7.6.0"
::1 - - [28/Jan/2019:09:10:58 +0000] "GET /bookmarks/tags?names=mern HTTP/1.1" 200 36 "-" "PostmanRuntime/7.6.0"
::1 - - [28/Jan/2019:09:15:00 +0000] "GET /bookmarks/ HTTP/1.1" 200 19 "-" "PostmanRuntime/7.6.0"
::1 - - [28/Jan/2019:09:19:44 +0000] "GET /bookmarks/tags?names=mern HTTP/1.1" 200 2 "-" "PostmanRuntime/7.6.0"
::1 - - [28/Jan/2019:09:21:12 +0000] "GET /bookmarks/tags/tags?names=mern,javascript HTTP/1.1" 200 2 "-" "PostmanRuntime/7.6.0"
::1 - - [28/Jan/2019:09:24:31 +0000] "GET /bookmarks/tags?names=mern,javascript HTTP/1.1" 200 2 "-" "PostmanRuntime/7.6.0"
::1 - - [28/Jan/2019:09:25:12 +0000] "GET /bookmarks/tags?names=mern,javascript HTTP/1.1" 200 5715 "-" "PostmanRuntime/7.6.0"
::1 - - [28/Jan/2019:09:26:40 +0000] "GET /bookmarks/tags?names=mern,javascript HTTP/1.1" 200 2 "-" "PostmanRuntime/7.6.0"
::1 - - [28/Jan/2019:09:27:17 +0000] "GET /bookmarks/tags?names=mern,javascript HTTP/1.1" 200 2 "-" "PostmanRuntime/7.6.0"
::1 - - [28/Jan/2019:09:29:44 +0000] "GET /bookmarks/tags?names=mern,javascript HTTP/1.1" 200 2 "-" "PostmanRuntime/7.6.0"
::1 - - [28/Jan/2019:09:30:06 +0000] "GET /bookmarks/tags?names=mern,javascript HTTP/1.1" 200 5715 "-" "PostmanRuntime/7.6.0"
::1 - - [28/Jan/2019:09:31:38 +0000] "GET /bookmarks/tags?names=mer,javascr HTTP/1.1" 200 2 "-" "PostmanRuntime/7.6.0"
::1 - - [28/Jan/2019:09:32:33 +0000] "GET /bookmarks/tags?names=mer,javascr HTTP/1.1" 200 55 "-" "PostmanRuntime/7.6.0"
::1 - - [28/Jan/2019:09:33:34 +0000] "GET /bookmarks/tags?names=mer,javascr HTTP/1.1" 200 2 "-" "PostmanRuntime/7.6.0"
::1 - - [28/Jan/2019:09:34:51 +0000] "GET /bookmarks/tags?names=mer,javascr HTTP/1.1" 200 55 "-" "PostmanRuntime/7.6.0"
::1 - - [28/Jan/2019:09:35:26 +0000] "GET /bookmarks/tags?names=mer,javascr HTTP/1.1" 200 2 "-" "PostmanRuntime/7.6.0"
::1 - - [28/Jan/2019:09:35:48 +0000] "GET /bookmarks/tags?names=mer,javascr HTTP/1.1" 200 55 "-" "PostmanRuntime/7.6.0"
::1 - - [28/Jan/2019:09:36:07 +0000] "GET /bookmarks/tags?names=mern HTTP/1.1" 200 36 "-" "PostmanRuntime/7.6.0"
::1 - - [28/Jan/2019:09:37:17 +0000] "GET /bookmarks/ HTTP/1.1" 200 19 "-" "PostmanRuntime/7.6.0"
::1 - - [28/Jan/2019:09:38:14 +0000] "GET /bookmarks/tags?names=javascript HTTP/1.1" 200 106 "-" "PostmanRuntime/7.6.0"
::1 - - [28/Jan/2019:09:39:52 +0000] "GET /bookmarks/tags?names=javascript,mern HTTP/1.1" 200 106 "-" "PostmanRuntime/7.6.0"
::1 - - [28/Jan/2019:09:40:08 +0000] "GET /bookmarks/tags?names=javascript,mern HTTP/1.1" 200 2 "-" "PostmanRuntime/7.6.0"
::1 - - [28/Jan/2019:09:41:52 +0000] "GET /bookmarks/tags?names=javascript,mern HTTP/1.1" 200 2 "-" "PostmanRuntime/7.6.0"
::1 - - [28/Jan/2019:09:43:11 +0000] "GET /bookmarks/tags?names=javascript,mern HTTP/1.1" 200 106 "-" "PostmanRuntime/7.6.0"
::1 - - [28/Jan/2019:09:55:07 +0000] "GET /bookmarks/tags?names=javascript,mern HTTP/1.1" 200 5715 "-" "PostmanRuntime/7.6.0"
::1 - - [28/Jan/2019:09:56:09 +0000] "GET /bookmarks/ HTTP/1.1" 200 19 "-" "PostmanRuntime/7.6.0"
::1 - - [28/Jan/2019:09:58:49 +0000] "GET /bookmarks/tags?names=mern,DOM HTTP/1.1" 200 138 "-" "PostmanRuntime/7.6.0"
::1 - - [28/Jan/2019:09:59:41 +0000] "GET /bookmarks/tags?names=mern,DOM HTTP/1.1" 200 138 "-" "PostmanRuntime/7.6.0"
::1 - - [28/Jan/2019:10:00:06 +0000] "GET /bookmarks/tags?names=mern,DOM HTTP/1.1" 200 138 "-" "PostmanRuntime/7.6.0"
::1 - - [28/Jan/2019:10:00:43 +0000] "GET /bookmarks/tags?names=mern,DOM HTTP/1.1" 200 2863 "-" "PostmanRuntime/7.6.0"
::ffff:127.0.0.1 - - [28/Jan/2019:10:01:05 +0000] "GET /bookmarks/tags?names=mern,DOM HTTP/1.1" 200 2 "-" "PostmanRuntime/7.6.0"
::ffff:127.0.0.1 - - [28/Jan/2019:10:02:46 +0000] "GET /bookmarks/tags?names=mern,DOM HTTP/1.1" 200 277 "-" "PostmanRuntime/7.6.0"
::1 - - [28/Jan/2019:10:06:58 +0000] "GET /1XMOEu HTTP/1.1" 200 2 "-" "PostmanRuntime/7.6.0"
::1 - - [28/Jan/2019:10:07:37 +0000] "GET /1XMOEu HTTP/1.1" 302 41 "-" "PostmanRuntime/7.6.0"
::1 - - [28/Jan/2019:10:09:02 +0000] "GET /1XMOEu HTTP/1.1" 302 41 "-" "PostmanRuntime/7.6.0"
::1 - - [28/Jan/2019:10:11:09 +0000] "GET /1XMOEu HTTP/1.1" 302 41 "-" "PostmanRuntime/7.6.0"
::1 - - [28/Jan/2019:10:17:54 +0000] "GET /bookmarks HTTP/1.1" 200 19 "-" "PostmanRuntime/7.6.0"
::1 - - [28/Jan/2019:10:18:16 +0000] "GET /bookmarks/tags/tags?names=mern,javascript HTTP/1.1" 200 2 "-" "PostmanRuntime/7.6.0"
::1 - - [28/Jan/2019:10:18:47 +0000] "GET /bookmarks/tags/tags?names=mern,javascript HTTP/1.1" 200 2865 "-" "PostmanRuntime/7.6.0"
::1 - - [28/Jan/2019:10:19:34 +0000] "GET /bookmarks/tags/tags?names=mern,javascript HTTP/1.1" 200 146 "-" "PostmanRuntime/7.6.0"
::1 - - [28/Jan/2019:10:20:23 +0000] "GET /bookmarks/tags/tags?names=mern,javascript HTTP/1.1" 200 146 "-" "PostmanRuntime/7.6.0"
::1 - - [28/Jan/2019:10:21:50 +0000] "GET /bookmarks/tags/tags?names=mern,javascript HTTP/1.1" 200 2865 "-" "PostmanRuntime/7.6.0"
::1 - - [28/Jan/2019:10:31:27 +0000] "POST /bookmarks/ HTTP/1.1" 200 271 "-" "PostmanRuntime/7.6.0"
::1 - - [28/Jan/2019:10:32:15 +0000] "POST /bookmarks/tags?names=javascript HTTP/1.1" 404 49 "-" "PostmanRuntime/7.6.0"
::1 - - [28/Jan/2019:10:34:27 +0000] "POST /bookmarks/ HTTP/1.1" 200 271 "-" "PostmanRuntime/7.6.0"
::1 - - [28/Jan/2019:10:36:14 +0000] "POST /bookmarks/tags?names=mern,DOM HTTP/1.1" 404 49 "-" "PostmanRuntime/7.6.0"
::1 - - [28/Jan/2019:10:42:32 +0000] "POST /bookmarks/tags?names=mern,DOM HTTP/1.1" 404 49 "-" "PostmanRuntime/7.6.0"
::1 - - [28/Jan/2019:10:42:42 +0000] "POST /bookmarks HTTP/1.1" 200 271 "-" "PostmanRuntime/7.6.0"
::1 - - [28/Jan/2019:10:42:51 +0000] "POST /bookmarks/tags?names=javascript HTTP/1.1" 404 49 "-" "PostmanRuntime/7.6.0"
::1 - - [28/Jan/2019:10:43:59 +0000] "GET /bookmarks/tags?names=javascript HTTP/1.1" 200 55 "-" "PostmanRuntime/7.6.0"
::1 - - [28/Jan/2019:10:45:10 +0000] "GET /bookmarks/ HTTP/1.1" 200 19 "-" "PostmanRuntime/7.6.0"
::1 - - [28/Jan/2019:10:48:17 +0000] "GET /bookmarks/ HTTP/1.1" 200 19 "-" "PostmanRuntime/7.6.0"
::1 - - [28/Jan/2019:10:48:34 +0000] "GET /bookmarks/ HTTP/1.1" 200 61 "-" "PostmanRuntime/7.6.0"
::1 - - [28/Jan/2019:10:48:48 +0000] "POST /bookmarks/ HTTP/1.1" 200 271 "-" "PostmanRuntime/7.6.0"
::1 - - [28/Jan/2019:10:52:02 +0000] "GET /bookmarks/ HTTP/1.1" 200 19 "-" "PostmanRuntime/7.6.0"
::1 - - [28/Jan/2019:10:52:54 +0000] "GET /bookmarks/tags?names=mern,DOM HTTP/1.1" 200 55 "-" "PostmanRuntime/7.6.0"
::1 - - [28/Jan/2019:10:55:10 +0000] "GET /bookmarks/tags?names=mern,DOM HTTP/1.1" 200 55 "-" "PostmanRuntime/7.6.0"
::1 - - [28/Jan/2019:10:58:32 +0000] "POST /users/login HTTP/1.1" 200 - "-" "PostmanRuntime/7.6.0"
::1 - - [28/Jan/2019:10:59:03 +0000] "GET /bookmarks/tags?names=mern,DOM HTTP/1.1" 200 55 "-" "PostmanRuntime/7.6.0"
::1 - - [28/Jan/2019:10:59:25 +0000] "GET /bookmarks/tags?names=mern,DOM HTTP/1.1" 200 55 "-" "PostmanRuntime/7.6.0"
::1 - - [28/Jan/2019:11:02:09 +0000] "POST /bookmarks/ HTTP/1.1" 200 271 "-" "PostmanRuntime/7.6.0"
::1 - - [28/Jan/2019:11:02:31 +0000] "POST /bookmarks/tags?names=javascript,mern HTTP/1.1" 404 49 "-" "PostmanRuntime/7.6.0"
::1 - - [28/Jan/2019:11:03:52 +0000] "GET /bookmarks/ HTTP/1.1" 200 19 "-" "PostmanRuntime/7.6.0"
::1 - - [28/Jan/2019:11:04:15 +0000] "POST /bookmarks/ HTTP/1.1" 200 271 "-" "PostmanRuntime/7.6.0"
::1 - - [28/Jan/2019:11:05:06 +0000] "GET /bookmarks/tags?names=mern,DOM HTTP/1.1" 200 55 "-" "PostmanRuntime/7.6.0"
::1 - - [28/Jan/2019:11:06:24 +0000] "GET /bookmarks/tags?names=mern,DOM HTTP/1.1" 200 55 "-" "PostmanRuntime/7.6.0"
::1 - - [28/Jan/2019:11:13:10 +0000] "GET /bookmarks/ HTTP/1.1" 200 19 "-" "PostmanRuntime/7.6.0"
::1 - - [28/Jan/2019:11:14:18 +0000] "GET /bookmarks/ HTTP/1.1" 200 2 "-" "PostmanRuntime/7.6.0"
::1 - - [28/Jan/2019:11:15:59 +0000] "GET /bookmarks/ HTTP/1.1" 200 2 "-" "PostmanRuntime/7.6.0"
::1 - - [28/Jan/2019:11:16:39 +0000] "GET /bookmarks/ HTTP/1.1" 200 19 "-" "PostmanRuntime/7.6.0"
::1 - - [28/Jan/2019:11:20:08 +0000] "GET /bookmarks/ HTTP/1.1" 200 19 "-" "PostmanRuntime/7.6.0"
::1 - - [28/Jan/2019:11:21:29 +0000] "GET /bookmarks/ HTTP/1.1" 200 19 "-" "PostmanRuntime/7.6.0"
::1 - - [28/Jan/2019:11:26:50 +0000] "GET /bookmarks/ HTTP/1.1" 200 271 "-" "PostmanRuntime/7.6.0"
::1 - - [28/Jan/2019:11:27:56 +0000] "GET /bookmarks/ HTTP/1.1" 200 2 "-" "PostmanRuntime/7.6.0"
::1 - - [28/Jan/2019:11:28:45 +0000] "GET /bookmarks/ HTTP/1.1" 200 19 "-" "PostmanRuntime/7.6.0"
::1 - - [28/Jan/2019:11:29:13 +0000] "GET /bookmarks/ HTTP/1.1" 200 273 "-" "PostmanRuntime/7.6.0"
::1 - - [28/Jan/2019:11:30:09 +0000] "GET /bookmarks/ HTTP/1.1" 200 273 "-" "PostmanRuntime/7.6.0"
::1 - - [28/Jan/2019:11:32:25 +0000] "GET /bookmarks/ HTTP/1.1" 200 19 "-" "PostmanRuntime/7.6.0"
::1 - - [28/Jan/2019:11:36:37 +0000] "GET /bookmarks/ HTTP/1.1" 200 61 "-" "PostmanRuntime/7.6.0"
::1 - - [28/Jan/2019:11:37:06 +0000] "POST /users/register HTTP/1.1" 200 205 "-" "PostmanRuntime/7.6.0"
::1 - - [28/Jan/2019:11:37:29 +0000] "POST /users/register HTTP/1.1" 200 205 "-" "PostmanRuntime/7.6.0"
::1 - - [28/Jan/2019:11:38:25 +0000] "POST /users/login HTTP/1.1" 200 - "-" "PostmanRuntime/7.6.0"
::1 - - [28/Jan/2019:12:20:47 +0000] "POST /bookmarks HTTP/1.1" 200 228 "-" "PostmanRuntime/7.6.0"
::1 - - [28/Jan/2019:12:23:24 +0000] "POST /bookmarks HTTP/1.1" 200 239 "-" "PostmanRuntime/7.6.0"
::1 - - [28/Jan/2019:12:26:17 +0000] "GET /bookmarks HTTP/1.1" 200 19 "-" "PostmanRuntime/7.6.0"
::1 - - [28/Jan/2019:12:29:01 +0000] "GET /bookmarks HTTP/1.1" 200 470 "-" "PostmanRuntime/7.6.0"
::1 - - [28/Jan/2019:12:29:47 +0000] "GET /bookmarks HTTP/1.1" 200 470 "-" "PostmanRuntime/7.6.0"
::1 - - [28/Jan/2019:12:31:05 +0000] "GET /bookmarks HTTP/1.1" 200 58 "-" "PostmanRuntime/7.6.0"
::1 - - [28/Jan/2019:12:33:00 +0000] "POST /users/login HTTP/1.1" 200 - "-" "PostmanRuntime/7.6.0"
::1 - - [28/Jan/2019:12:35:44 +0000] "GET /bookmarks HTTP/1.1" 200 19 "-" "PostmanRuntime/7.6.0"
::1 - - [28/Jan/2019:12:40:48 +0000] "POST /bookmarks HTTP/1.1" 200 227 "-" "PostmanRuntime/7.6.0"
::1 - - [28/Jan/2019:12:41:25 +0000] "GET /bookmarks HTTP/1.1" 200 229 "-" "PostmanRuntime/7.6.0"
::1 - - [28/Jan/2019:12:46:34 +0000] "GET /bookmarks/tags?names=javascript HTTP/1.1" 200 55 "-" "PostmanRuntime/7.6.0"
::1 - - [28/Jan/2019:12:47:05 +0000] "GET /bookmarks/tags?names=es6 HTTP/1.1" 200 227 "-" "PostmanRuntime/7.6.0"
::1 - - [28/Jan/2019:12:49:38 +0000] "GET /2eHKhW HTTP/1.1" 302 42 "-" "PostmanRuntime/7.6.0"
::1 - - [28/Jan/2019:12:53:30 +0000] "GET /bookmarks/tags?names=es6 HTTP/1.1" 200 68 "-" "PostmanRuntime/7.6.0"
::1 - - [28/Jan/2019:12:54:04 +0000] "GET /bookmarks/tags?names=es6 HTTP/1.1" 200 384 "-" "PostmanRuntime/7.6.0"
::1 - - [28/Jan/2019:12:56:17 +0000] "GET /2eHKhW HTTP/1.1" 302 42 "-" "PostmanRuntime/7.6.0"
::1 - - [28/Jan/2019:12:56:44 +0000] "GET /bookmarks HTTP/1.1" 200 544 "-" "PostmanRuntime/7.6.0"
::1 - - [28/Jan/2019:12:59:48 +0000] "GET /bookmarks/5c4ef850e586db11883678fc HTTP/1.1" 500 2557 "-" "PostmanRuntime/7.6.0"
::1 - - [28/Jan/2019:13:00:37 +0000] "GET /bookmarks/5c4ef850e586db11883678fc HTTP/1.1" 500 2556 "-" "PostmanRuntime/7.6.0"
::1 - - [28/Jan/2019:13:01:53 +0000] "GET /bookmarks/5c4ef850e586db11883678fc HTTP/1.1" 500 2557 "-" "PostmanRuntime/7.6.0"
::1 - - [28/Jan/2019:13:02:45 +0000] "GET /bookmarks/5c4ef850e586db11883678fc HTTP/1.1" 500 2557 "-" "PostmanRuntime/7.6.0"
::1 - - [28/Jan/2019:13:07:19 +0000] "GET /bookmarks/tags/mern HTTP/1.1" 500 2557 "-" "PostmanRuntime/7.6.0"
::1 - - [28/Jan/2019:13:08:24 +0000] "GET /bookmarks/tags/mern HTTP/1.1" 500 2557 "-" "PostmanRuntime/7.6.0"
::1 - - [28/Jan/2019:13:09:14 +0000] "GET /bookmarks/tags/mern HTTP/1.1" 500 2557 "-" "PostmanRuntime/7.6.0"
::1 - - [28/Jan/2019:13:10:28 +0000] "GET /bookmarks/tags/mern HTTP/1.1" 500 2557 "-" "PostmanRuntime/7.6.0"
::1 - - [28/Jan/2019:13:10:50 +0000] "GET /bookmarks/tags/mern HTTP/1.1" 500 2557 "-" "PostmanRuntime/7.6.0"
::1 - - [28/Jan/2019:13:14:32 +0000] "GET /bookmarks/tags/mern HTTP/1.1" 200 2 "-" "PostmanRuntime/7.6.0"
::1 - - [28/Jan/2019:13:14:51 +0000] "GET /bookmarks/tags/es6 HTTP/1.1" 200 544 "-" "PostmanRuntime/7.6.0"
::1 - - [28/Jan/2019:13:15:12 +0000] "GET /bookmarks/tags/ruby HTTP/1.1" 200 2 "-" "PostmanRuntime/7.6.0"
::1 - - [28/Jan/2019:13:16:10 +0000] "GET /bookmarks/tags/ryby HTTP/1.1" 200 230 "-" "PostmanRuntime/7.6.0"
::1 - - [28/Jan/2019:13:18:07 +0000] "GET /bookmarks/tags?names=es6 HTTP/1.1" 200 544 "-" "PostmanRuntime/7.6.0"
::ffff:127.0.0.1 - - [28/Jan/2019:13:52:13 +0000] "GET /bookmarks/tags/es6 HTTP/1.1" 500 2557 "-" "PostmanRuntime/7.6.0"
::1 - - [28/Jan/2019:13:53:33 +0000] "GET /bookmarks/tags/es6 HTTP/1.1" 500 2557 "-" "PostmanRuntime/7.6.0"
::1 - - [28/Jan/2019:13:54:25 +0000] "GET /bookmarks/tags/es6 HTTP/1.1" 500 2557 "-" "PostmanRuntime/7.6.0"
::1 - - [28/Jan/2019:13:55:40 +0000] "GET /bookmarks/5c4ef39efb470a1f98b5b0c2 HTTP/1.1" 500 2557 "-" "PostmanRuntime/7.6.0"
::1 - - [28/Jan/2019:13:56:40 +0000] "GET /bookmarks/5c4ef39efb470a1f98b5b0c2 HTTP/1.1" 500 2557 "-" "PostmanRuntime/7.6.0"
::1 - - [29/Jan/2019:04:56:59 +0000] "POST /users/logout HTTP/1.1" 404 49 "-" "PostmanRuntime/7.6.0"
::1 - - [29/Jan/2019:04:57:22 +0000] "DELETE /users/logout HTTP/1.1" 404 49 "-" "PostmanRuntime/7.6.0"
::1 - - [29/Jan/2019:04:58:34 +0000] "DELETE /logout HTTP/1.1" 200 25 "-" "PostmanRuntime/7.6.0"
::1 - - [29/Jan/2019:05:02:39 +0000] "DELETE /logout HTTP/1.1" 200 25 "-" "PostmanRuntime/7.6.0"
::1 - - [29/Jan/2019:05:04:24 +0000] "DELETE /logout HTTP/1.1" 200 15 "-" "PostmanRuntime/7.6.0"
::1 - - [29/Jan/2019:05:10:48 +0000] "DELETE /users/logout HTTP/1.1" 404 49 "-" "PostmanRuntime/7.6.0"
::1 - - [29/Jan/2019:05:16:38 +0000] "DELETE /users/logout HTTP/1.1" 404 49 "-" "PostmanRuntime/7.6.0"
::1 - - [30/Jan/2019:08:49:39 +0000] "POST /users/register HTTP/1.1" 200 208 "-" "PostmanRuntime/7.6.0"
::1 - - [30/Jan/2019:08:50:04 +0000] "POST /users/register HTTP/1.1" 200 208 "-" "PostmanRuntime/7.6.0"
::1 - - [30/Jan/2019:08:50:28 +0000] "POST /users/register HTTP/1.1" 200 212 "-" "PostmanRuntime/7.6.0"
::1 - - [30/Jan/2019:08:52:02 +0000] "POST /users/login HTTP/1.1" 200 26 "-" "PostmanRuntime/7.6.0"
::1 - - [30/Jan/2019:08:52:12 +0000] "POST /users/login HTTP/1.1" 200 - "-" "PostmanRuntime/7.6.0"
::1 - - [30/Jan/2019:08:52:26 +0000] "POST /users/login HTTP/1.1" 200 - "-" "PostmanRuntime/7.6.0"
::1 - - [30/Jan/2019:08:52:33 +0000] "POST /users/login HTTP/1.1" 200 - "-" "PostmanRuntime/7.6.0"
::1 - - [30/Jan/2019:08:56:12 +0000] "POST /users/login HTTP/1.1" 200 - "-" "PostmanRuntime/7.6.0"
::1 - - [30/Jan/2019:08:56:16 +0000] "POST /users/login HTTP/1.1" 200 - "-" "PostmanRuntime/7.6.0"
::1 - - [30/Jan/2019:08:56:20 +0000] "POST /users/login HTTP/1.1" 200 - "-" "PostmanRuntime/7.6.0"
::1 - - [30/Jan/2019:08:56:36 +0000] "POST /users/login HTTP/1.1" 200 - "-" "PostmanRuntime/7.6.0"
::1 - - [30/Jan/2019:08:56:38 +0000] "POST /users/login HTTP/1.1" 200 - "-" "PostmanRuntime/7.6.0"
::1 - - [30/Jan/2019:08:56:40 +0000] "POST /users/login HTTP/1.1" 200 - "-" "PostmanRuntime/7.6.0"
::1 - - [30/Jan/2019:09:03:05 +0000] "POST /users/login HTTP/1.1" 200 - "-" "PostmanRuntime/7.6.0"
::1 - - [30/Jan/2019:09:06:23 +0000] "POST /users/login HTTP/1.1" 200 - "-" "PostmanRuntime/7.6.0"
::1 - - [30/Jan/2019:09:45:32 +0000] "GET //bookmarks/ HTTP/1.1" 404 49 "-" "PostmanRuntime/7.6.0"
::1 - - [30/Jan/2019:09:45:54 +0000] "GET /bookmarks/ HTTP/1.1" 200 61 "-" "PostmanRuntime/7.6.0"
::1 - - [30/Jan/2019:09:59:00 +0000] "POST /bookmarks/ HTTP/1.1" 200 257 "-" "PostmanRuntime/7.6.0"
::1 - - [30/Jan/2019:10:03:16 +0000] "POST /bookmarks/ HTTP/1.1" 200 268 "-" "PostmanRuntime/7.6.0"
::1 - - [30/Jan/2019:10:06:05 +0000] "POST /bookmarks/ HTTP/1.1" 200 247 "-" "PostmanRuntime/7.6.0"
::1 - - [30/Jan/2019:10:11:37 +0000] "POST /bookmarks/ HTTP/1.1" 200 266 "-" "PostmanRuntime/7.6.0"
::1 - - [30/Jan/2019:10:14:17 +0000] "POST /bookmarks/ HTTP/1.1" 200 266 "-" "PostmanRuntime/7.6.0"
::1 - - [30/Jan/2019:10:16:28 +0000] "POST /bookmarks/ HTTP/1.1" 200 348 "-" "PostmanRuntime/7.6.0"
::1 - - [30/Jan/2019:10:20:28 +0000] "GET /bookmarks/ HTTP/1.1" 200 19 "-" "PostmanRuntime/7.6.0"
::1 - - [30/Jan/2019:10:21:11 +0000] "GET /bookmarks/tags?names=mern,react HTTP/1.1" 200 2 "-" "PostmanRuntime/7.6.0"
::1 - - [30/Jan/2019:10:28:54 +0000] "GET /bookmarks/tags?names=mern HTTP/1.1" 200 2 "-" "PostmanRuntime/7.6.0"
::1 - - [30/Jan/2019:10:30:12 +0000] "GET /bookmarks/tags?names=mern HTTP/1.1" 200 2 "-" "PostmanRuntime/7.6.0"
::1 - - [30/Jan/2019:10:32:49 +0000] "GET /bookmarks/tags?names=mern HTTP/1.1" 200 55 "-" "PostmanRuntime/7.6.0"
::1 - - [30/Jan/2019:10:34:32 +0000] "GET /bookmarks/tags?names=mern HTTP/1.1" 200 66 "-" "PostmanRuntime/7.6.0"
::1 - - [30/Jan/2019:10:35:50 +0000] "GET /bookmarks/tags?names=mern HTTP/1.1" 200 66 "-" "PostmanRuntime/7.6.0"
::1 - - [30/Jan/2019:10:36:07 +0000] "GET /bookmarks/tags?names=mern HTTP/1.1" 200 66 "-" "PostmanRuntime/7.6.0"
::1 - - [30/Jan/2019:10:36:42 +0000] "GET /bookmarks/tags?names=mern HTTP/1.1" 500 2528 "-" "PostmanRuntime/7.6.0"
::1 - - [30/Jan/2019:10:37:23 +0000] "GET /bookmarks/tags?names=mern HTTP/1.1" 200 66 "-" "PostmanRuntime/7.6.0"
::1 - - [30/Jan/2019:10:41:37 +0000] "GET /bookmarks/tags?names=mern HTTP/1.1" 500 2553 "-" "PostmanRuntime/7.6.0"
::1 - - [30/Jan/2019:10:44:25 +0000] "GET /bookmarks/tags?names=mern HTTP/1.1" 500 2551 "-" "PostmanRuntime/7.6.0"
::1 - - [30/Jan/2019:10:45:06 +0000] "GET /bookmarks/tags?names=mern HTTP/1.1" 200 66 "-" "PostmanRuntime/7.6.0"
::1 - - [30/Jan/2019:10:45:47 +0000] "GET /bookmarks/tags?names=mern HTTP/1.1" 200 66 "-" "PostmanRuntime/7.6.0"
::1 - - [30/Jan/2019:10:46:14 +0000] "GET /bookmarks/tags?names=mern HTTP/1.1" 200 66 "-" "PostmanRuntime/7.6.0"
::1 - - [30/Jan/2019:10:47:05 +0000] "GET /bookmarks/tags?names=mern HTTP/1.1" 200 2 "-" "PostmanRuntime/7.6.0"
::1 - - [30/Jan/2019:10:47:47 +0000] "GET /bookmarks/tags?names=mern HTTP/1.1" 200 808 "-" "PostmanRuntime/7.6.0"
::1 - - [30/Jan/2019:10:49:08 +0000] "GET /bookmarks/tags?names=mern HTTP/1.1" 200 15 "-" "PostmanRuntime/7.6.0"
::1 - - [30/Jan/2019:10:50:01 +0000] "GET /bookmarks/tags?names=mern HTTP/1.1" 200 57 "-" "PostmanRuntime/7.6.0"
::1 - - [30/Jan/2019:10:53:09 +0000] "GET /bookmarks/tags/all?names=mern HTTP/1.1" 200 60 "-" "PostmanRuntime/7.6.0"
::1 - - [30/Jan/2019:10:54:15 +0000] "GET /bookmarks/tags/all?names=mern HTTP/1.1" 200 64 "-" "PostmanRuntime/7.6.0"
::1 - - [30/Jan/2019:11:03:35 +0000] "GET /yGHDK HTTP/1.1" 200 54 "-" "PostmanRuntime/7.6.0"
::1 - - [30/Jan/2019:11:10:28 +0000] "GET /bookmarks/5c517859a9e7bb48e4e8aecd HTTP/1.1" 500 2557 "-" "PostmanRuntime/7.6.0"
::1 - - [30/Jan/2019:11:14:31 +0000] "GET /bookmarks/5c517859a9e7bb48e4e8aecd HTTP/1.1" 500 2557 "-" "PostmanRuntime/7.6.0"
::1 - - [30/Jan/2019:11:15:18 +0000] "GET /bookmarks/5c517859a9e7bb48e4e8aecd HTTP/1.1" 500 2557 "-" "PostmanRuntime/7.6.0"
::1 - - [30/Jan/2019:11:15:59 +0000] "GET /bookmarks/5c517859a9e7bb48e4e8aecd HTTP/1.1" 500 2557 "-" "PostmanRuntime/7.6.0"
::1 - - [30/Jan/2019:11:16:57 +0000] "GET /bookmarks/5c517859a9e7bb48e4e8aecd HTTP/1.1" 500 2557 "-" "PostmanRuntime/7.6.0"
::ffff:127.0.0.1 - - [30/Jan/2019:11:17:47 +0000] "GET /bookmarks/5c517859a9e7bb48e4e8aecd HTTP/1.1" 500 2557 "-" "PostmanRuntime/7.6.0"
::1 - - [30/Jan/2019:11:18:31 +0000] "GET /bookmarks/5c517859a9e7bb48e4e8aecd HTTP/1.1" 500 2557 "-" "PostmanRuntime/7.6.0"
::1 - - [30/Jan/2019:11:20:03 +0000] "GET /bookmarks/5c517859a9e7bb48e4e8aecd HTTP/1.1" 200 2 "-" "PostmanRuntime/7.6.0"
::1 - - [30/Jan/2019:11:20:19 +0000] "GET /bookmarks/5c517859a9e7bb48e4e8aecd HTTP/1.1" 200 55 "-" "PostmanRuntime/7.6.0"
::1 - - [30/Jan/2019:11:26:36 +0000] "DELETE /bookmarks/5c517859a9e7bb48e4e8aecd HTTP/1.1" 500 865 "-" "PostmanRuntime/7.6.0"
::1 - - [30/Jan/2019:11:27:24 +0000] "DELETE /bookmarks/5c517859a9e7bb48e4e8aecd HTTP/1.1" 200 371 "-" "PostmanRuntime/7.6.0"
::1 - - [30/Jan/2019:11:31:12 +0000] "GET //bookmarks/tags/mern HTTP/1.1" 404 49 "-" "PostmanRuntime/7.6.0"
::1 - - [30/Jan/2019:11:34:06 +0000] "GET /bookmarks/tags/mern HTTP/1.1" 200 57 "-" "PostmanRuntime/7.6.0"
::1 - - [30/Jan/2019:11:37:51 +0000] "PUT /bookmarks/5c517859a9e7bb48e4e8aecd HTTP/1.1" 200 266 "-" "PostmanRuntime/7.6.0"
::1 - - [30/Jan/2019:11:40:23 +0000] "PUT /bookmarks/5c517859a9e7bb48e4e8aecd HTTP/1.1" 200 256 "-" "PostmanRuntime/7.6.0"
::1 - - [30/Jan/2019:11:40:52 +0000] "PUT /bookmarks/5c517859a9e7bb48e4e8aecd HTTP/1.1" 200 266 "-" "PostmanRuntime/7.6.0"
::1 - - [30/Jan/2019:11:44:27 +0000] "PUT /bookmarks/5c517859a9e7bb48e4e8aecd HTTP/1.1" 200 273 "-" "PostmanRuntime/7.6.0"
::1 - - [30/Jan/2019:11:46:32 +0000] "PUT /bookmarks/5c517859a9e7bb48e4e8aecd HTTP/1.1" 200 371 "-" "PostmanRuntime/7.6.0"
::ffff:127.0.0.1 - - [30/Jan/2019:11:47:42 +0000] "PUT /bookmarks/5c517859a9e7bb48e4e8aecd HTTP/1.1" 500 862 "-" "PostmanRuntime/7.6.0"
::1 - - [30/Jan/2019:11:50:08 +0000] "PUT /bookmarks/5c517859a9e7bb48e4e8aecd HTTP/1.1" 200 0 "-" "PostmanRuntime/7.6.0"
::1 - - [30/Jan/2019:11:50:22 +0000] "PUT /bookmarks/5c517859a9e7bb48e4e8aecd HTTP/1.1" 200 0 "-" "PostmanRuntime/7.6.0"
::1 - - [30/Jan/2019:11:53:35 +0000] "PUT /bookmarks/5c517859a9e7bb48e4e8aecd HTTP/1.1" 200 55 "-" "PostmanRuntime/7.6.0"
::1 - - [30/Jan/2019:11:54:17 +0000] "PUT /bookmarks/5c517859a9e7bb48e4e8aecd HTTP/1.1" 200 55 "-" "PostmanRuntime/7.6.0"
::1 - - [30/Jan/2019:11:54:41 +0000] "DELETE /bookmarks/5c517859a9e7bb48e4e8aecd HTTP/1.1" 500 862 "-" "PostmanRuntime/7.6.0"
::1 - - [30/Jan/2019:11:56:17 +0000] "DELETE /bookmarks/5c517859a9e7bb48e4e8aecd HTTP/1.1" 200 371 "-" "PostmanRuntime/7.6.0"
::1 - - [30/Jan/2019:11:56:50 +0000] "DELETE /bookmarks/5c517859a9e7bb48e4e8aecd HTTP/1.1" 200 55 "-" "PostmanRuntime/7.6.0"
::1 - - [30/Jan/2019:12:00:17 +0000] "PUT /bookmarks/5c5178f9a9e7bb48e4e8aece HTTP/1.1" 200 53 "-" "PostmanRuntime/7.6.0"
::1 - - [30/Jan/2019:12:04:25 +0000] "PUT /bookmarks/5c5178f9a9e7bb48e4e8aece HTTP/1.1" 200 53 "-" "PostmanRuntime/7.6.0"
::1 - - [30/Jan/2019:12:04:43 +0000] "PUT /bookmarks/ HTTP/1.1" 404 49 "-" "PostmanRuntime/7.6.0"
::1 - - [30/Jan/2019:12:04:54 +0000] "GET /bookmarks/tags/mern HTTP/1.1" 200 57 "-" "PostmanRuntime/7.6.0"
::1 - - [30/Jan/2019:12:06:02 +0000] "GET /bookmarks/tags/mern HTTP/1.1" 200 268 "-" "PostmanRuntime/7.6.0"
::1 - - [30/Jan/2019:12:06:35 +0000] "GET /bookmarks HTTP/1.1" 200 891 "-" "PostmanRuntime/7.6.0"
::1 - - [30/Jan/2019:12:07:38 +0000] "PUT /bookmarks/5c5178f9a9e7bb48e4e8aece HTTP/1.1" 200 53 "-" "PostmanRuntime/7.6.0"
::1 - - [30/Jan/2019:12:08:36 +0000] "PUT /bookmarks/5c5178f9a9e7bb48e4e8aece HTTP/1.1" 200 53 "-" "PostmanRuntime/7.6.0"
::1 - - [30/Jan/2019:12:08:51 +0000] "PUT /bookmarks/ HTTP/1.1" 404 49 "-" "PostmanRuntime/7.6.0"
::1 - - [30/Jan/2019:12:09:08 +0000] "GET /bookmarks/ HTTP/1.1" 200 891 "-" "PostmanRuntime/7.6.0"
::1 - - [30/Jan/2019:12:10:22 +0000] "POST /bookmarks/5c5178f9a9e7bb48e4e8aece HTTP/1.1" 404 49 "-" "PostmanRuntime/7.6.0"
::1 - - [30/Jan/2019:12:10:44 +0000] "PUT /bookmarks/5c5178f9a9e7bb48e4e8aece HTTP/1.1" 200 53 "-" "PostmanRuntime/7.6.0"
::1 - - [30/Jan/2019:12:12:04 +0000] "PUT /bookmarks/5c5178f9a9e7bb48e4e8aece HTTP/1.1" 200 371 "-" "PostmanRuntime/7.6.0"
::1 - - [30/Jan/2019:12:12:55 +0000] "PUT /bookmarks/5c5178f9a9e7bb48e4e8aece HTTP/1.1" 200 0 "-" "PostmanRuntime/7.6.0"
::1 - - [30/Jan/2019:12:13:30 +0000] "PUT /bookmarks/5c5178f9a9e7bb48e4e8aece HTTP/1.1" 200 0 "-" "PostmanRuntime/7.6.0"
::1 - - [30/Jan/2019:12:13:40 +0000] "PUT /bookmarks/ HTTP/1.1" 404 49 "-" "PostmanRuntime/7.6.0"
::1 - - [30/Jan/2019:12:13:52 +0000] "GET /bookmarks/ HTTP/1.1" 200 891 "-" "PostmanRuntime/7.6.0"
::1 - - [30/Jan/2019:12:16:17 +0000] "DELETE /bookmarks/5c5178f9a9e7bb48e4e8aece HTTP/1.1" 200 53 "-" "PostmanRuntime/7.6.0"
::1 - - [30/Jan/2019:12:18:05 +0000] "GET /bookmarks/ HTTP/1.1" 200 61 "-" "PostmanRuntime/7.6.0"
::1 - - [30/Jan/2019:12:18:52 +0000] "GET /bookmarks/ HTTP/1.1" 200 776 "-" "PostmanRuntime/7.6.0"
::1 - - [30/Jan/2019:12:19:20 +0000] "GET /bookmarks/5c517563a9e7bb48e4e8aeca HTTP/1.1" 200 53 "-" "PostmanRuntime/7.6.0"
::1 - - [30/Jan/2019:12:19:51 +0000] "GET /bookmarks/5c517563a9e7bb48e4e8aeca HTTP/1.1" 200 61 "-" "PostmanRuntime/7.6.0"
::1 - - [30/Jan/2019:12:20:05 +0000] "GET /bookmarks/5c517563a9e7bb48e4e8aeca HTTP/1.1" 200 53 "-" "PostmanRuntime/7.6.0"
::1 - - [30/Jan/2019:12:21:25 +0000] "GET /bookmarks/ HTTP/1.1" 200 776 "-" "PostmanRuntime/7.6.0"
::1 - - [30/Jan/2019:12:21:52 +0000] "GET /bookmarks/5c517664a9e7bb48e4e8aecb HTTP/1.1" 200 53 "-" "PostmanRuntime/7.6.0"
::1 - - [30/Jan/2019:12:23:34 +0000] "GET /bookmarks/5c517664a9e7bb48e4e8aecb HTTP/1.1" 200 53 "-" "PostmanRuntime/7.6.0"
::1 - - [30/Jan/2019:12:25:03 +0000] "GET /bookmarks/5c517664a9e7bb48e4e8aecb HTTP/1.1" 200 371 "-" "PostmanRuntime/7.6.0"
::1 - - [30/Jan/2019:12:25:56 +0000] "GET /bookmarks/5c517664a9e7bb48e4e8aecb HTTP/1.1" 200 53 "-" "PostmanRuntime/7.6.0"
::1 - - [30/Jan/2019:12:34:31 +0000] "GET /bookmarks?x-auth=eyJhbGciOiJIUzI1NiIsInR5cCI6IkpXVCJ9.eyJ1c2VySWQiOiI1YzUxNjUyM2RjYTQxYzMxYWM1MzhkYmMiLCJpYXQiOjE1NDg4Mzg1OTZ9.ERm_m3WZpCsn2zHKfofLyEUq3aAmKGvxD1TLGeGnjwg HTTP/1.1" 200 61 "-" "PostmanRuntime/7.6.0"
::1 - - [30/Jan/2019:12:34:55 +0000] "GET /bookmarks HTTP/1.1" 200 776 "-" "PostmanRuntime/7.6.0"
::1 - - [30/Jan/2019:12:35:15 +0000] "GET /bookmarks/5c517563a9e7bb48e4e8aeca HTTP/1.1" 200 53 "-" "PostmanRuntime/7.6.0"
::1 - - [30/Jan/2019:12:35:36 +0000] "GET /bookmarks/5c517563a9e7bb48e4e8aeca?x-auth=eyJhbGciOiJIUzI1NiIsInR5cCI6IkpXVCJ9.eyJ1c2VySWQiOiI1YzUxNjUyM2RjYTQxYzMxYWM1MzhkYmMiLCJpYXQiOjE1NDg4Mzg1OTZ9.ERm_m3WZpCsn2zHKfofLyEUq3aAmKGvxD1TLGeGnjwg HTTP/1.1" 200 61 "-" "PostmanRuntime/7.6.0"
::1 - - [30/Jan/2019:12:35:57 +0000] "GET /bookmarks/5c517563a9e7bb48e4e8aeca HTTP/1.1" 200 53 "-" "PostmanRuntime/7.6.0"
::1 - - [30/Jan/2019:12:36:17 +0000] "GET /bookmarks/ HTTP/1.1" 200 776 "-" "PostmanRuntime/7.6.0"
::1 - - [30/Jan/2019:12:36:48 +0000] "GET /bookmarks/5c516523dca41c31ac538dbc HTTP/1.1" 200 53 "-" "PostmanRuntime/7.6.0"
::1 - - [30/Jan/2019:12:37:12 +0000] "GET /bookmarks/ HTTP/1.1" 200 776 "-" "PostmanRuntime/7.6.0"
::1 - - [30/Jan/2019:12:37:23 +0000] "GET /bookmarks/5c517563a9e7bb48e4e8aeca HTTP/1.1" 200 53 "-" "PostmanRuntime/7.6.0"
::1 - - [03/Feb/2019:06:15:08 +0000] "GET /bookmarks HTTP/1.1" 200 776 "-" "PostmanRuntime/7.6.0"
::1 - - [03/Feb/2019:06:15:34 +0000] "GET /bookmarks/5c517563a9e7bb48e4e8aeca HTTP/1.1" 200 53 "-" "PostmanRuntime/7.6.0"
::1 - - [03/Feb/2019:06:16:40 +0000] "GET /bookmarks/tags?mern,java HTTP/1.1" 500 871 "-" "PostmanRuntime/7.6.0"
::1 - - [03/Feb/2019:06:17:50 +0000] "GET /bookmarks/tags?mern,java HTTP/1.1" 500 871 "-" "PostmanRuntime/7.6.0"
::1 - - [03/Feb/2019:06:19:22 +0000] "GET /bookmarks/5c516523dca41c31ac538dbc HTTP/1.1" 200 53 "-" "PostmanRuntime/7.6.0"
::1 - - [03/Feb/2019:06:47:30 +0000] "GET /bookmarks/ HTTP/1.1" 200 776 "-" "PostmanRuntime/7.6.0"
::1 - - [03/Feb/2019:06:47:56 +0000] "GET /bookmarks/5c517664a9e7bb48e4e8aecb HTTP/1.1" 200 53 "-" "PostmanRuntime/7.6.0"
::1 - - [03/Feb/2019:07:25:08 +0000] "GET /bookmarks/ HTTP/1.1" 500 845 "-" "PostmanRuntime/7.6.0"
::1 - - [03/Feb/2019:07:26:08 +0000] "GET /bookmarks/ HTTP/1.1" 200 776 "-" "PostmanRuntime/7.6.0"
::1 - - [03/Feb/2019:07:27:11 +0000] "GET /bookmarks/5c516523dca41c31ac538dbc HTTP/1.1" 200 53 "-" "PostmanRuntime/7.6.0"
::1 - - [03/Feb/2019:07:27:22 +0000] "GET /bookmarks/ HTTP/1.1" 200 776 "-" "PostmanRuntime/7.6.0"
::1 - - [03/Feb/2019:07:45:36 +0000] "GET /bookmarks HTTP/1.1" 200 776 "-" "PostmanRuntime/7.6.0"
::1 - - [03/Feb/2019:07:45:45 +0000] "GET /bookmarks HTTP/1.1" 200 61 "-" "PostmanRuntime/7.6.0"
::1 - - [03/Feb/2019:07:45:58 +0000] "GET /bookmarks HTTP/1.1" 200 776 "-" "PostmanRuntime/7.6.0"
::1 - - [03/Feb/2019:07:46:08 +0000] "GET /bookmarks/5c517563a9e7bb48e4e8aeca HTTP/1.1" 200 53 "-" "PostmanRuntime/7.6.0"
::1 - - [03/Feb/2019:07:48:11 +0000] "GET /bookmarks/5c517563a9e7bb48e4e8aeca HTTP/1.1" 200 53 "-" "PostmanRuntime/7.6.0"
::1 - - [03/Feb/2019:07:48:40 +0000] "GET /bookmarks/5c517563a9e7bb48e4e8aeca HTTP/1.1" 200 2 "-" "PostmanRuntime/7.6.0"
::1 - - [03/Feb/2019:07:49:35 +0000] "GET /bookmarks/5c517563a9e7bb48e4e8aeca HTTP/1.1" 200 257 "-" "PostmanRuntime/7.6.0"
::1 - - [03/Feb/2019:07:50:09 +0000] "GET /bookmarks/5c517563a9e7bb48e4e8aeca HTTP/1.1" 200 61 "-" "PostmanRuntime/7.6.0"
::1 - - [03/Feb/2019:07:50:18 +0000] "GET /bookmarks/5c517563a9e7bb48e4e8aeca HTTP/1.1" 200 257 "-" "PostmanRuntime/7.6.0"
::1 - - [03/Feb/2019:07:50:41 +0000] "GET /bookmarks/5c517563a9e7bb48e4e8aeca HTTP/1.1" 200 257 "-" "PostmanRuntime/7.6.0"
::1 - - [03/Feb/2019:07:54:10 +0000] "GET /bookmarks/5c517563a9e7bb48e4e8aec HTTP/1.1" 200 237 "-" "PostmanRuntime/7.6.0"
::1 - - [03/Feb/2019:07:54:30 +0000] "GET /bookmarks/5c517563a9e7bb48e4e8aecjkldf HTTP/1.1" 200 252 "-" "PostmanRuntime/7.6.0"
::1 - - [03/Feb/2019:07:54:49 +0000] "GET /bookmarks/123 HTTP/1.1" 200 177 "-" "PostmanRuntime/7.6.0"
::1 - - [03/Feb/2019:07:55:21 +0000] "GET /bookmarks/5c517563a9e7bb48e4e8aeca HTTP/1.1" 200 257 "-" "PostmanRuntime/7.6.0"
::1 - - [03/Feb/2019:07:56:13 +0000] "GET /bookmarks/tags/videos HTTP/1.1" 200 259 "-" "PostmanRuntime/7.6.0"
::1 - - [03/Feb/2019:07:56:28 +0000] "GET /bookmarks/tags/mern HTTP/1.1" 200 55 "-" "PostmanRuntime/7.6.0"
::1 - - [03/Feb/2019:07:56:44 +0000] "GET /bookmarks/tags/javascript HTTP/1.1" 200 55 "-" "PostmanRuntime/7.6.0"
::1 - - [03/Feb/2019:07:56:55 +0000] "GET /bookmarks/tags/movies HTTP/1.1" 200 249 "-" "PostmanRuntime/7.6.0"
::1 - - [03/Feb/2019:07:58:17 +0000] "PUT /bookmarks/5c51770da9e7bb48e4e8aecc HTTP/1.1" 200 247 "-" "PostmanRuntime/7.6.0"
::1 - - [03/Feb/2019:07:58:54 +0000] "PUT /bookmarks/5c51770da9e7bb48e4e8aecc HTTP/1.1" 200 247 "-" "PostmanRuntime/7.6.0"
::1 - - [03/Feb/2019:08:00:05 +0000] "GET /Z1vPuTU HTTP/1.1" 302 37 "-" "PostmanRuntime/7.6.0"
::1 - - [03/Feb/2019:08:00:56 +0000] "GET /bookmarks/ HTTP/1.1" 200 933 "-" "PostmanRuntime/7.6.0"
::1 - - [03/Feb/2019:08:05:15 +0000] "GET /bookmarks/tags/all?names=movies,videos HTTP/1.1" 200 63 "-" "PostmanRuntime/7.6.0"
::1 - - [03/Feb/2019:08:06:11 +0000] "GET /bookmarks/tags/all?names=movies,videos HTTP/1.1" 200 2 "-" "PostmanRuntime/7.6.0"
::1 - - [03/Feb/2019:08:06:45 +0000] "GET /bookmarks/ HTTP/1.1" 200 933 "-" "PostmanRuntime/7.6.0"
::1 - - [03/Feb/2019:08:07:37 +0000] "GET /bookmarks/tags/all?names=videos,channels HTTP/1.1" 200 259 "-" "PostmanRuntime/7.6.0"
::1 - - [03/Feb/2019:08:08:30 +0000] "GET /bookmarks/tags/all?names=videos,channels HTTP/1.1" 200 259 "-" "PostmanRuntime/7.6.0"
::1 - - [03/Feb/2019:08:08:49 +0000] "GET /bookmarks/tags/all?names=videos,channels HTTP/1.1" 200 61 "-" "PostmanRuntime/7.6.0"
::1 - - [03/Feb/2019:08:09:36 +0000] "GET /bookmarks/tags/all?names=videos,channels HTTP/1.1" 200 259 "-" "PostmanRuntime/7.6.0"
::1 - - [03/Feb/2019:08:10:12 +0000] "GET /bookmarks/ HTTP/1.1" 200 933 "-" "PostmanRuntime/7.6.0"
::1 - - [03/Feb/2019:08:10:41 +0000] "GET /bookmarks/tags/all?names=post,pages HTTP/1.1" 200 270 "-" "PostmanRuntime/7.6.0"
::1 - - [03/Feb/2019:08:10:57 +0000] "GET /bookmarks/tags/all?names=post,pages HTTP/1.1" 200 270 "-" "PostmanRuntime/7.6.0"
::1 - - [03/Feb/2019:08:11:40 +0000] "GET /bookmarks/tagsl?names=post,pages HTTP/1.1" 200 183 "-" "PostmanRuntime/7.6.0"
::1 - - [03/Feb/2019:08:11:50 +0000] "GET /bookmarks/tags?names=post,pages HTTP/1.1" 200 270 "-" "PostmanRuntime/7.6.0"
::1 - - [03/Feb/2019:08:11:59 +0000] "GET /bookmarks/tags?names=post HTTP/1.1" 200 270 "-" "PostmanRuntime/7.6.0"
::1 - - [03/Feb/2019:08:13:05 +0000] "GET /bookmarks/tags?names=post HTTP/1.1" 200 54 "-" "PostmanRuntime/7.6.0"
::1 - - [03/Feb/2019:08:32:15 +0000] "DELETE /users/logout HTTP/1.1" 500 2547 "-" "PostmanRuntime/7.6.0"
::1 - - [03/Feb/2019:08:34:20 +0000] "DELETE /users/logout HTTP/1.1" 200 2 "-" "PostmanRuntime/7.6.0"
::1 - - [03/Feb/2019:08:37:32 +0000] "DELETE /users/logout HTTP/1.1" 200 25 "-" "PostmanRuntime/7.6.0"
::1 - - [03/Feb/2019:08:38:41 +0000] "DELETE /users/logout HTTP/1.1" 200 104 "-" "PostmanRuntime/7.6.0"
::1 - - [03/Feb/2019:08:39:35 +0000] "DELETE /users/logout HTTP/1.1" 200 104 "-" "PostmanRuntime/7.6.0"
::1 - - [03/Feb/2019:08:46:15 +0000] "DELETE /users/logout HTTP/1.1" 200 25 "-" "PostmanRuntime/7.6.0"
::1 - - [03/Feb/2019:08:50:30 +0000] "DELETE /users/logout HTTP/1.1" 200 104 "-" "PostmanRuntime/7.6.0"
